Oct 14, 2018 10:56:08 PM MySQLAccess getTransaction
INFO: get:null
Oct 14, 2018 10:56:08 PM MySQLAccess createTransaction
INFO: saves a row in the database successfully: {"id":1,"nameOnCard":"YANZEWEI","cardNumber":"1000010000","unitPrice":3.2,"quantity":50,"totalPrice":160.0,"expDate":"03/2022","createdOn":"2018-10-14 22:56:08","createdBy":"z_yan","creditCardType":1,"prefix":51,"creditCardNumber":"1234567891234567","creditCardExpire":"03/2019"}
Oct 14, 2018 10:56:08 PM MySQLAccess getTransaction
INFO: get:{"id":1,"nameOnCard":"YANZEWEI","cardNumber":"1000010000","unitPrice":3.0,"quantity":50,"totalPrice":160.0,"expDate":"03/2022","createdOn":"2018-10-14 22:56:08","createdBy":"z_yan","creditCardType":1,"prefix":51,"creditCardNumber":"1234567891234567","creditCardExpire":"03/2019","CreditCardTypeName":"MasterCard"}
Oct 14, 2018 10:56:08 PM MySQLAccess getTransaction
INFO: get:{"id":1,"nameOnCard":"YANZEWEI","cardNumber":"1000010000","unitPrice":3.0,"quantity":50,"totalPrice":160.0,"expDate":"03/2022","createdOn":"2018-10-14 22:56:08","createdBy":"z_yan","creditCardType":1,"prefix":51,"creditCardNumber":"1234567891234567","creditCardExpire":"03/2019","CreditCardTypeName":"MasterCard"}
Oct 14, 2018 10:56:08 PM MySQLAccess updateTransaction
SEVERE: try to update with id:1
Oct 14, 2018 10:56:08 PM MySQLAccess getTransaction
INFO: get:{"id":1,"nameOnCard":"YANZEWEI","cardNumber":"1000010000","unitPrice":3.0,"quantity":50,"totalPrice":160.0,"expDate":"03/2022","createdOn":"2018-10-14 22:56:08","createdBy":"z_yan","creditCardType":1,"prefix":51,"creditCardNumber":"1234567891234567","creditCardExpire":"03/2019","CreditCardTypeName":"MasterCard"}
Oct 14, 2018 10:56:08 PM MySQLAccess createTransaction
SEVERE: try to insert the same id:1
Oct 14, 2018 10:56:08 PM MySQLAccess removeTransaction
INFO: delete successfully with id:1
Oct 14, 2018 10:56:08 PM MySQLAccess getTransaction
INFO: get:null
Oct 14, 2018 10:56:08 PM MySQLAccess createTransaction
INFO: saves a row in the database successfully: {"id":1,"nameOnCard":"YANZEWEI","cardNumber":"1000010000","unitPrice":3.2,"quantity":50,"totalPrice":160.0,"expDate":"03/2022","createdOn":"2018-10-14 22:56:08","createdBy":"z_yan","creditCardType":1,"prefix":51,"creditCardNumber":"1234567891234567","creditCardExpire":"05/2022"}
